<?xml version="1.0" encoding="utf-8"?><testsuites name="pytest tests"><testsuite name="pytest" errors="0" failures="0" skipped="0" tests="6" time="2.053" timestamp="2026-07-08T12:41:40.952092+00:00" hostname="agent-env-12fc4376-ee1b-4ba9-a18d-c368f3725832"><testcase classname="tests.test_kiosk.TestKioskSettings" name="test_get_settings_returns_kiosk_fields" time="0.175" /><testcase classname="tests.test_kiosk.TestKioskSettings" name="test_save_kiosk_enabled_true" time="0.217" /><testcase classname="tests.test_kiosk.TestKioskSettings" name="test_save_kiosk_enabled_false" time="0.233" /><testcase classname="tests.test_kiosk.TestKioskSettings" name="test_kiosk_interval_range_min" time="0.247" /><testcase classname="tests.test_kiosk.TestKioskSettings" name="test_kiosk_interval_range_max" time="0.211" /><testcase classname="tests.test_kiosk.TestKioskSettings" name="test_reset_kiosk_for_ui_tests" time="0.230" /></testsuite></testsuites>