<?xml version="1.0" encoding="utf-8"?><testsuites name="pytest tests"><testsuite name="pytest" errors="0" failures="0" skipped="0" tests="26" time="3.090" timestamp="2026-07-14T19:17:51.580269+00:00" hostname="agent-env-12fc4376-ee1b-4ba9-a18d-c368f3725832"><testcase classname="tests.test_noc_dashboard.TestDashboardSummary" name="test_dashboard_summary_status" time="0.262" /><testcase classname="tests.test_noc_dashboard.TestAlerts" name="test_get_alerts_status" time="0.265" /><testcase classname="tests.test_noc_dashboard.TestDashboardSummary" name="test_dashboard_summary_structure" time="0.165" /><testcase classname="tests.test_noc_dashboard.TestAlerts" name="test_get_alerts_structure" time="0.154" /><testcase classname="tests.test_noc_dashboard.TestAlerts" name="test_create_alert" time="0.140" /><testcase classname="tests.test_noc_dashboard.TestDashboardSummary" name="test_dashboard_summary_alerts_fields" time="0.125" /><testcase classname="tests.test_noc_dashboard.TestDashboardSummary" name="test_dashboard_summary_circuits_fields" time="0.155" /><testcase classname="tests.test_noc_dashboard.TestAlerts" name="test_delete_alert" time="0.250" /><testcase classname="tests.test_noc_dashboard.TestSites" name="test_get_sites_status" time="0.115" /><testcase classname="tests.test_noc_dashboard.TestCircuits" name="test_get_circuits_status" time="0.168" /><testcase classname="tests.test_noc_dashboard.TestSites" name="test_get_sites_is_list" time="0.137" /><testcase classname="tests.test_noc_dashboard.TestSites" name="test_sites_have_coords" time="0.179" /><testcase classname="tests.test_noc_dashboard.TestCircuits" name="test_get_circuits_is_list" time="0.116" /><testcase classname="tests.test_noc_dashboard.TestCircuits" name="test_circuits_have_required_fields" time="0.122" /><testcase classname="tests.test_noc_dashboard.TestSettings" name="test_get_settings_status" time="0.112" /><testcase classname="tests.test_noc_dashboard.TestVendorStatus" name="test_get_vendor_status_status" time="0.950" /><testcase classname="tests.test_noc_dashboard.TestSettings" name="test_get_settings_structure" time="0.122" /><testcase classname="tests.test_noc_dashboard.TestSettings" name="test_kiosk_pages_is_list" time="0.113" /><testcase classname="tests.test_noc_dashboard.TestWUGTopology" name="test_wug_topology_status" time="0.312" /><testcase classname="tests.test_noc_dashboard.TestWUGTopology" name="test_wug_topology_structure" time="0.103" /><testcase classname="tests.test_noc_dashboard.TestWUGTopology" name="test_wug_topology_source_pending_when_unconfigured" time="0.108" /><testcase classname="tests.test_noc_dashboard.TestTickets" name="test_get_tickets_status" time="0.121" /><testcase classname="tests.test_noc_dashboard.TestTickets" name="test_tickets_structure" time="0.112" /><testcase classname="tests.test_noc_dashboard.TestVendorStatus" name="test_vendor_status_has_vendors" time="0.139" /><testcase classname="tests.test_noc_dashboard.TestHealthAndRoot" name="test_api_root" time="0.100" /><testcase classname="tests.test_noc_dashboard.TestVendorStatus" name="test_vendor_has_fields" time="0.111" /></testsuite></testsuites>