<?xml version="1.0" encoding="utf-8"?><testsuites name="pytest tests"><testsuite name="pytest" errors="0" failures="0" skipped="0" tests="19" time="3.257" timestamp="2026-06-29T15:10:03.854414+00:00" hostname="agent-env-12fc4376-ee1b-4ba9-a18d-c368f3725832"><testcase classname="tests.test_dashboard_api.TestDashboardAPI" name="test_root" time="0.171" /><testcase classname="tests.test_dashboard_api.TestTickets" name="test_get_tickets" time="0.194" /><testcase classname="tests.test_dashboard_api.TestDashboardAPI" name="test_dashboard_summary" time="0.108" /><testcase classname="tests.test_dashboard_api.TestTickets" name="test_filter_tickets_by_status" time="0.104" /><testcase classname="tests.test_dashboard_api.TestDashboardAPI" name="test_get_alerts" time="0.182" /><testcase classname="tests.test_dashboard_api.TestTickets" name="test_create_and_delete_ticket" time="0.209" /><testcase classname="tests.test_dashboard_api.TestDashboardAPI" name="test_alerts_filter_severity" time="0.114" /><testcase classname="tests.test_dashboard_api.TestTickets" name="test_update_ticket" time="0.501" /><testcase classname="tests.test_dashboard_api.TestDashboardAPI" name="test_create_alert" time="0.251" /><testcase classname="tests.test_dashboard_api.TestDashboardAPI" name="test_acknowledge_alert" time="0.338" /><testcase classname="tests.test_dashboard_api.TestOtherAPIs" name="test_get_sites" time="0.110" /><testcase classname="tests.test_dashboard_api.TestOtherAPIs" name="test_get_vendor_status" time="0.744" /><testcase classname="tests.test_dashboard_api.TestDashboardAPI" name="test_delete_alert" time="0.355" /><testcase classname="tests.test_dashboard_api.TestDashboardAPI" name="test_email_webhook" time="0.512" /><testcase classname="tests.test_dashboard_api.TestOtherAPIs" name="test_get_settings" time="0.106" /><testcase classname="tests.test_dashboard_api.TestOtherAPIs" name="test_update_settings" time="0.227" /><testcase classname="tests.test_dashboard_api.TestCircuits" name="test_get_circuits" time="0.099" /><testcase classname="tests.test_dashboard_api.TestCircuits" name="test_create_and_delete_circuit" time="0.216" /><testcase classname="tests.test_dashboard_api.TestCircuits" name="test_update_circuit" time="0.305" /></testsuite></testsuites>