<?xml version="1.0" encoding="utf-8"?><testsuites name="pytest tests"><testsuite name="pytest" errors="0" failures="0" skipped="0" tests="8" time="2.340" timestamp="2026-06-30T11:53:03.420249+00:00" hostname="agent-env-12fc4376-ee1b-4ba9-a18d-c368f3725832"><testcase classname="tests.test_iteration2.TestBackendAPIs" name="test_health" time="0.227" /><testcase classname="tests.test_iteration2.TestBackendAPIs" name="test_alerts" time="0.110" /><testcase classname="tests.test_iteration2.TestBackendAPIs" name="test_circuits" time="0.161" /><testcase classname="tests.test_iteration2.TestBackendAPIs" name="test_tickets" time="0.118" /><testcase classname="tests.test_iteration2.TestBackendAPIs" name="test_vendor_status" time="0.733" /><testcase classname="tests.test_iteration2.TestBackendAPIs" name="test_unifi_events_200" time="0.108" /><testcase classname="tests.test_iteration2.TestBackendAPIs" name="test_unifi_events_severity_filter" time="0.130" /><testcase classname="tests.test_iteration2.TestBackendAPIs" name="test_settings_get" time="0.098" /></testsuite></testsuites>